Release 14.1 Map P.15xf (lin)
Xilinx Mapping Report File for Design 'top_level'

Design Information
------------------
Command Line   : map -intstyle silent -detail -p xc6slx16-csg324-3 -pr b -c 100
-w -o top_level_map.ncd top_level.ngd top_level.pcf 
Target Device  : xc6slx16
Target Package : csg324
Target Speed   : -3
Mapper Version : spartan6 -- $Revision: 1.55 $
Mapped Date    : Thu Mar 28 13:09:33 2013

Design Summary
--------------
Number of errors:      0
Number of warnings:    0
Slice Logic Utilization:
  Number of Slice Registers:                   613 out of  18,224    3%
    Number used as Flip Flops:                 613
    Number used as Latches:                      0
    Number used as Latch-thrus:                  0
    Number used as AND/OR logics:                0
  Number of Slice LUTs:                      2,498 out of   9,112   27%
    Number used as logic:                    2,475 out of   9,112   27%
      Number using O6 output only:           1,864
      Number using O5 output only:             375
      Number using O5 and O6:                  236
      Number used as ROM:                        0
    Number used as Memory:                       0 out of   2,176    0%
    Number used exclusively as route-thrus:     23
      Number with same-slice register load:      0
      Number with same-slice carry load:        23
      Number with other load:                    0

Slice Logic Distribution:
  Number of occupied Slices:                   746 out of   2,278   32%
  Nummber of MUXCYs used:                      580 out of   4,556   12%
  Number of LUT Flip Flop pairs used:        2,505
    Number with an unused Flip Flop:         1,913 out of   2,505   76%
    Number with an unused LUT:                   7 out of   2,505    1%
    Number of fully used LUT-FF pairs:         585 out of   2,505   23%
    Number of unique control sets:               8
    Number of slice register sites lost
      to control set restrictions:              27 out of  18,224    1%

  A LUT Flip Flop pair for this architecture represents one LUT paired with
  one Flip Flop within a slice.  A control set is a unique combination of
  clock, reset, set, and enable signals for a registered element.
  The Slice Logic Distribution report is not meaningful if the design is
  over-mapped for a non-slice resource or if Placement fails.

IO Utilization:
  Number of bonded IOBs:                        38 out of     232   16%
    Number of LOCed IOBs:                       38 out of      38  100%
    IOB Flip Flops:                             14

Specific Feature Utilization:
  Number of RAMB16BWERs:                        10 out of      32   31%
  Number of RAMB8BWERs:                          0 out of      64    0%
  Number of BUFIO2/BUFIO2_2CLKs:                 0 out of      32    0%
  Number of BUFIO2FB/BUFIO2FB_2CLKs:             0 out of      32    0%
  Number of BUFG/BUFGMUXs:                       1 out of      16    6%
    Number used as BUFGs:                        1
    Number used as BUFGMUX:                      0
  Number of DCM/DCM_CLKGENs:                     0 out of       4    0%
  Number of ILOGIC2/ISERDES2s:                  14 out of     248    5%
    Number used as ILOGIC2s:                    14
    Number used as ISERDES2s:                    0
  Number of IODELAY2/IODRP2/IODRP2_MCBs:         0 out of     248    0%
  Number of OLOGIC2/OSERDES2s:                   0 out of     248    0%
  Number of BSCANs:                              0 out of       4    0%
  Number of BUFHs:                               0 out of     128    0%
  Number of BUFPLLs:                             0 out of       8    0%
  Number of BUFPLL_MCBs:                         0 out of       4    0%
  Number of DSP48A1s:                            0 out of      32    0%
  Number of ICAPs:                               0 out of       1    0%
  Number of MCBs:                                0 out of       2    0%
  Number of PCILOGICSEs:                         0 out of       2    0%
  Number of PLL_ADVs:                            0 out of       2    0%
  Number of PMVs:                                0 out of       1    0%
  Number of STARTUPs:                            0 out of       1    0%
  Number of SUSPEND_SYNCs:                       0 out of       1    0%

Average Fanout of Non-Clock Nets:                4.39

Peak Memory Usage:  259 MB
Total REAL time to MAP completion:  58 secs 
Total CPU time to MAP completion:   57 secs 

Table of Contents
-----------------
Section 1 - Errors
Section 2 - Warnings
Section 3 - Informational
Section 4 - Removed Logic Summary
Section 5 - Removed Logic
Section 6 - IOB Properties
Section 7 - RPMs
Section 8 - Guide Report
Section 9 - Area Group and Partition Summary
Section 10 - Timing Report
Section 11 - Configuration String Information
Section 12 - Control Set Information
Section 13 - Utilization by Hierarchy

Section 1 - Errors
------------------

Section 2 - Warnings
--------------------

Section 3 - Informational
-------------------------
INFO:MapLib:562 - No environment variables are currently set.
INFO:Pack:1716 - Initializing temperature to 85.000 Celsius. (default - Range:
   0.000 to 85.000 Celsius)
INFO:Pack:1720 - Initializing voltage to 1.140 Volts. (default - Range: 1.140 to
   1.260 Volts)
INFO:Map:215 - The Interim Design Summary has been generated in the MAP Report
   (.mrp).
INFO:Pack:1650 - Map created a placed design.

Section 4 - Removed Logic Summary
---------------------------------
   2 block(s) optimized away
 397 Block(s) redundant

Section 5 - Removed Logic
-------------------------

Optimized Block(s):
TYPE 		BLOCK
GND 		XST_GND
VCC 		XST_VCC

Redundant Block(s):
TYPE 		BLOCK
LUT1 		sseg_unit/Mcount_cnt_cy<1>_rt
LUT1 		timer_unit/Mcount_cnt_cy<1>_rt
LUT1 		sseg_unit/Mcount_cnt_cy<2>_rt
LUT1 		timer_unit/Mcount_cnt_cy<2>_rt
LUT1 		sseg_unit/Mcount_cnt_cy<3>_rt
LUT1 		timer_unit/Mcount_cnt_cy<3>_rt
LUT1 		sseg_unit/Mcount_cnt_cy<4>_rt
LUT1 		sseg_unit/Mcount_cnt_cy<5>_rt
LUT1 		sseg_unit/Mcount_cnt_cy<6>_rt
LUT1 		sseg_unit/Mcount_cnt_cy<7>_rt
LUT1 		sseg_unit/Mcount_cnt_cy<8>_rt
LUT1 		sseg_unit/Mcount_cnt_cy<9>_rt
LUT1 		sseg_unit/Mcount_cnt_cy<10>_rt
LUT1 		sseg_unit/Mcount_cnt_cy<11>_rt
LUT1 		sseg_unit/Mcount_cnt_cy<12>_rt
LUT1 		sseg_unit/Mcount_cnt_cy<13>_rt
LUT1 		sseg_unit/Mcount_cnt_cy<14>_rt
LUT1 		sseg_unit/Mcount_cnt_cy<15>_rt
LUT1 		sseg_unit/Mcount_cnt_cy<16>_rt
LUT1 		reset_unit/Mcount_cnt_cy<1>_rt
LUT1 		reset_unit/Mcount_cnt_cy<2>_rt
LUT1 		reset_unit/Mcount_cnt_cy<3>_rt
LUT1 		reset_unit/Mcount_cnt_cy<4>_rt
LUT1 		reset_unit/Mcount_cnt_cy<5>_rt
LUT1 		reset_unit/Mcount_cnt_cy<6>_rt
LUT1 		reset_unit/Mcount_cnt_cy<7>_rt
LUT1 		reset_unit/Mcount_cnt_cy<8>_rt
LUT1 		timer_unit/Mcount_cnt_cy<4>_rt
LUT1 		timer_unit/Mcount_cnt_cy<5>_rt
LUT1 		timer_unit/Mcount_cnt_cy<6>_rt
LUT1 		timer_unit/Mcount_cnt_cy<7>_rt
LUT1 		timer_unit/Mcount_cnt_cy<8>_rt
LUT1 		timer_unit/Mcount_cnt_cy<9>_rt
LUT1 		timer_unit/Mcount_cnt_cy<10>_rt
LUT1 		timer_unit/Mcount_cnt_cy<11>_rt
LUT1 		timer_unit/Mcount_cnt_cy<12>_rt
LUT1 		timer_unit/Mcount_cnt_cy<13>_rt
LUT1 		timer_unit/Mcount_cnt_cy<14>_rt
LUT1 		timer_unit/Mcount_cnt_cy<15>_rt
LUT1 		timer_unit/Mcount_cnt_cy<16>_rt
LUT1 		timer_unit/Mcount_cnt_cy<17>_rt
LUT1 		timer_unit/Mcount_cnt_cy<18>_rt
LUT1 		timer_unit/Mcount_cnt_cy<19>_rt
LUT1 		timer_unit/Mcount_cnt_cy<20>_rt
LUT1 		timer_unit/Mcount_cnt_cy<21>_rt
LUT1 		timer_unit/Mcount_cnt_cy<22>_rt
LUT1 		timer_unit/Mcount_cnt_cy<23>_rt
LUT1 		timer_unit/Mcount_cnt_cy<24>_rt
LUT1 		reset_debounce_unit/Madd_cnt[0][19]_GND_9_o_add_8_OUT_cy<18>_rt
LUT1 		reset_debounce_unit/Madd_cnt[0][19]_GND_9_o_add_8_OUT_cy<17>_rt
LUT1 		reset_debounce_unit/Madd_cnt[0][19]_GND_9_o_add_8_OUT_cy<16>_rt
LUT1 		reset_debounce_unit/Madd_cnt[0][19]_GND_9_o_add_8_OUT_cy<15>_rt
LUT1 		reset_debounce_unit/Madd_cnt[0][19]_GND_9_o_add_8_OUT_cy<14>_rt
LUT1 		reset_debounce_unit/Madd_cnt[0][19]_GND_9_o_add_8_OUT_cy<13>_rt
LUT1 		reset_debounce_unit/Madd_cnt[0][19]_GND_9_o_add_8_OUT_cy<12>_rt
LUT1 		reset_debounce_unit/Madd_cnt[0][19]_GND_9_o_add_8_OUT_cy<11>_rt
LUT1 		reset_debounce_unit/Madd_cnt[0][19]_GND_9_o_add_8_OUT_cy<10>_rt
LUT1 		reset_debounce_unit/Madd_cnt[0][19]_GND_9_o_add_8_OUT_cy<9>_rt
LUT1 		reset_debounce_unit/Madd_cnt[0][19]_GND_9_o_add_8_OUT_cy<8>_rt
LUT1 		reset_debounce_unit/Madd_cnt[0][19]_GND_9_o_add_8_OUT_cy<7>_rt
LUT1 		reset_debounce_unit/Madd_cnt[0][19]_GND_9_o_add_8_OUT_cy<6>_rt
LUT1 		reset_debounce_unit/Madd_cnt[0][19]_GND_9_o_add_8_OUT_cy<5>_rt
LUT1 		reset_debounce_unit/Madd_cnt[0][19]_GND_9_o_add_8_OUT_cy<4>_rt
LUT1 		reset_debounce_unit/Madd_cnt[0][19]_GND_9_o_add_8_OUT_cy<3>_rt
LUT1 		reset_debounce_unit/Madd_cnt[0][19]_GND_9_o_add_8_OUT_cy<2>_rt
LUT1 		reset_debounce_unit/Madd_cnt[0][19]_GND_9_o_add_8_OUT_cy<1>_rt
LUT1 		debounce_unit/Madd_cnt[0][19]_GND_14_o_add_8_OUT_cy<18>_rt
LUT1 		debounce_unit/Madd_cnt[0][19]_GND_14_o_add_8_OUT_cy<17>_rt
LUT1 		debounce_unit/Madd_cnt[0][19]_GND_14_o_add_8_OUT_cy<16>_rt
LUT1 		debounce_unit/Madd_cnt[0][19]_GND_14_o_add_8_OUT_cy<15>_rt
LUT1 		debounce_unit/Madd_cnt[0][19]_GND_14_o_add_8_OUT_cy<14>_rt
LUT1 		debounce_unit/Madd_cnt[0][19]_GND_14_o_add_8_OUT_cy<13>_rt
LUT1 		debounce_unit/Madd_cnt[0][19]_GND_14_o_add_8_OUT_cy<12>_rt
LUT1 		debounce_unit/Madd_cnt[0][19]_GND_14_o_add_8_OUT_cy<11>_rt
LUT1 		debounce_unit/Madd_cnt[0][19]_GND_14_o_add_8_OUT_cy<10>_rt
LUT1 		debounce_unit/Madd_cnt[0][19]_GND_14_o_add_8_OUT_cy<9>_rt
LUT1 		debounce_unit/Madd_cnt[0][19]_GND_14_o_add_8_OUT_cy<8>_rt
LUT1 		debounce_unit/Madd_cnt[0][19]_GND_14_o_add_8_OUT_cy<7>_rt
LUT1 		debounce_unit/Madd_cnt[0][19]_GND_14_o_add_8_OUT_cy<6>_rt
LUT1 		debounce_unit/Madd_cnt[0][19]_GND_14_o_add_8_OUT_cy<5>_rt
LUT1 		debounce_unit/Madd_cnt[0][19]_GND_14_o_add_8_OUT_cy<4>_rt
LUT1 		debounce_unit/Madd_cnt[0][19]_GND_14_o_add_8_OUT_cy<3>_rt
LUT1 		debounce_unit/Madd_cnt[0][19]_GND_14_o_add_8_OUT_cy<2>_rt
LUT1 		debounce_unit/Madd_cnt[0][19]_GND_14_o_add_8_OUT_cy<1>_rt
LUT1 		debounce_unit/Madd_cnt[15][19]_GND_14_o_add_263_OUT_cy<18>_rt
LUT1 		debounce_unit/Madd_cnt[15][19]_GND_14_o_add_263_OUT_cy<17>_rt
LUT1 		debounce_unit/Madd_cnt[15][19]_GND_14_o_add_263_OUT_cy<16>_rt
LUT1 		debounce_unit/Madd_cnt[15][19]_GND_14_o_add_263_OUT_cy<15>_rt
LUT1 		debounce_unit/Madd_cnt[15][19]_GND_14_o_add_263_OUT_cy<14>_rt
LUT1 		debounce_unit/Madd_cnt[15][19]_GND_14_o_add_263_OUT_cy<13>_rt
LUT1 		debounce_unit/Madd_cnt[15][19]_GND_14_o_add_263_OUT_cy<12>_rt
LUT1 		debounce_unit/Madd_cnt[15][19]_GND_14_o_add_263_OUT_cy<11>_rt
LUT1 		debounce_unit/Madd_cnt[15][19]_GND_14_o_add_263_OUT_cy<10>_rt
LUT1 		debounce_unit/Madd_cnt[15][19]_GND_14_o_add_263_OUT_cy<9>_rt
LUT1 		debounce_unit/Madd_cnt[15][19]_GND_14_o_add_263_OUT_cy<8>_rt
LUT1 		debounce_unit/Madd_cnt[15][19]_GND_14_o_add_263_OUT_cy<7>_rt
LUT1 		debounce_unit/Madd_cnt[15][19]_GND_14_o_add_263_OUT_cy<6>_rt
LUT1 		debounce_unit/Madd_cnt[15][19]_GND_14_o_add_263_OUT_cy<5>_rt
LUT1 		debounce_unit/Madd_cnt[15][19]_GND_14_o_add_263_OUT_cy<4>_rt
LUT1 		debounce_unit/Madd_cnt[15][19]_GND_14_o_add_263_OUT_cy<3>_rt
LUT1 		debounce_unit/Madd_cnt[15][19]_GND_14_o_add_263_OUT_cy<2>_rt
LUT1 		debounce_unit/Madd_cnt[15][19]_GND_14_o_add_263_OUT_cy<1>_rt
LUT1 		debounce_unit/Madd_cnt[14][19]_GND_14_o_add_246_OUT_cy<18>_rt
LUT1 		debounce_unit/Madd_cnt[14][19]_GND_14_o_add_246_OUT_cy<17>_rt
LUT1 		debounce_unit/Madd_cnt[14][19]_GND_14_o_add_246_OUT_cy<16>_rt
LUT1 		debounce_unit/Madd_cnt[14][19]_GND_14_o_add_246_OUT_cy<15>_rt
LUT1 		debounce_unit/Madd_cnt[14][19]_GND_14_o_add_246_OUT_cy<14>_rt
LUT1 		debounce_unit/Madd_cnt[14][19]_GND_14_o_add_246_OUT_cy<13>_rt
LUT1 		debounce_unit/Madd_cnt[14][19]_GND_14_o_add_246_OUT_cy<12>_rt
LUT1 		debounce_unit/Madd_cnt[14][19]_GND_14_o_add_246_OUT_cy<11>_rt
LUT1 		debounce_unit/Madd_cnt[14][19]_GND_14_o_add_246_OUT_cy<10>_rt
LUT1 		debounce_unit/Madd_cnt[14][19]_GND_14_o_add_246_OUT_cy<9>_rt
LUT1 		debounce_unit/Madd_cnt[14][19]_GND_14_o_add_246_OUT_cy<8>_rt
LUT1 		debounce_unit/Madd_cnt[14][19]_GND_14_o_add_246_OUT_cy<7>_rt
LUT1 		debounce_unit/Madd_cnt[14][19]_GND_14_o_add_246_OUT_cy<6>_rt
LUT1 		debounce_unit/Madd_cnt[14][19]_GND_14_o_add_246_OUT_cy<5>_rt
LUT1 		debounce_unit/Madd_cnt[14][19]_GND_14_o_add_246_OUT_cy<4>_rt
LUT1 		debounce_unit/Madd_cnt[14][19]_GND_14_o_add_246_OUT_cy<3>_rt
LUT1 		debounce_unit/Madd_cnt[14][19]_GND_14_o_add_246_OUT_cy<2>_rt
LUT1 		debounce_unit/Madd_cnt[14][19]_GND_14_o_add_246_OUT_cy<1>_rt
LUT1 		debounce_unit/Madd_cnt[13][19]_GND_14_o_add_229_OUT_cy<18>_rt
LUT1 		debounce_unit/Madd_cnt[13][19]_GND_14_o_add_229_OUT_cy<17>_rt
LUT1 		debounce_unit/Madd_cnt[13][19]_GND_14_o_add_229_OUT_cy<16>_rt
LUT1 		debounce_unit/Madd_cnt[13][19]_GND_14_o_add_229_OUT_cy<15>_rt
LUT1 		debounce_unit/Madd_cnt[13][19]_GND_14_o_add_229_OUT_cy<14>_rt
LUT1 		debounce_unit/Madd_cnt[13][19]_GND_14_o_add_229_OUT_cy<13>_rt
LUT1 		debounce_unit/Madd_cnt[13][19]_GND_14_o_add_229_OUT_cy<12>_rt
LUT1 		debounce_unit/Madd_cnt[13][19]_GND_14_o_add_229_OUT_cy<11>_rt
LUT1 		debounce_unit/Madd_cnt[13][19]_GND_14_o_add_229_OUT_cy<10>_rt
LUT1 		debounce_unit/Madd_cnt[13][19]_GND_14_o_add_229_OUT_cy<9>_rt
LUT1 		debounce_unit/Madd_cnt[13][19]_GND_14_o_add_229_OUT_cy<8>_rt
LUT1 		debounce_unit/Madd_cnt[13][19]_GND_14_o_add_229_OUT_cy<7>_rt
LUT1 		debounce_unit/Madd_cnt[13][19]_GND_14_o_add_229_OUT_cy<6>_rt
LUT1 		debounce_unit/Madd_cnt[13][19]_GND_14_o_add_229_OUT_cy<5>_rt
LUT1 		debounce_unit/Madd_cnt[13][19]_GND_14_o_add_229_OUT_cy<4>_rt
LUT1 		debounce_unit/Madd_cnt[13][19]_GND_14_o_add_229_OUT_cy<3>_rt
LUT1 		debounce_unit/Madd_cnt[13][19]_GND_14_o_add_229_OUT_cy<2>_rt
LUT1 		debounce_unit/Madd_cnt[13][19]_GND_14_o_add_229_OUT_cy<1>_rt
LUT1 		debounce_unit/Madd_cnt[12][19]_GND_14_o_add_212_OUT_cy<18>_rt
LUT1 		debounce_unit/Madd_cnt[12][19]_GND_14_o_add_212_OUT_cy<17>_rt
LUT1 		debounce_unit/Madd_cnt[12][19]_GND_14_o_add_212_OUT_cy<16>_rt
LUT1 		debounce_unit/Madd_cnt[12][19]_GND_14_o_add_212_OUT_cy<15>_rt
LUT1 		debounce_unit/Madd_cnt[12][19]_GND_14_o_add_212_OUT_cy<14>_rt
LUT1 		debounce_unit/Madd_cnt[12][19]_GND_14_o_add_212_OUT_cy<13>_rt
LUT1 		debounce_unit/Madd_cnt[12][19]_GND_14_o_add_212_OUT_cy<12>_rt
LUT1 		debounce_unit/Madd_cnt[12][19]_GND_14_o_add_212_OUT_cy<11>_rt
LUT1 		debounce_unit/Madd_cnt[12][19]_GND_14_o_add_212_OUT_cy<10>_rt
LUT1 		debounce_unit/Madd_cnt[12][19]_GND_14_o_add_212_OUT_cy<9>_rt
LUT1 		debounce_unit/Madd_cnt[12][19]_GND_14_o_add_212_OUT_cy<8>_rt
LUT1 		debounce_unit/Madd_cnt[12][19]_GND_14_o_add_212_OUT_cy<7>_rt
LUT1 		debounce_unit/Madd_cnt[12][19]_GND_14_o_add_212_OUT_cy<6>_rt
LUT1 		debounce_unit/Madd_cnt[12][19]_GND_14_o_add_212_OUT_cy<5>_rt
LUT1 		debounce_unit/Madd_cnt[12][19]_GND_14_o_add_212_OUT_cy<4>_rt
LUT1 		debounce_unit/Madd_cnt[12][19]_GND_14_o_add_212_OUT_cy<3>_rt
LUT1 		debounce_unit/Madd_cnt[12][19]_GND_14_o_add_212_OUT_cy<2>_rt
LUT1 		debounce_unit/Madd_cnt[12][19]_GND_14_o_add_212_OUT_cy<1>_rt
LUT1 		debounce_unit/Madd_cnt[11][19]_GND_14_o_add_195_OUT_cy<18>_rt
LUT1 		debounce_unit/Madd_cnt[11][19]_GND_14_o_add_195_OUT_cy<17>_rt
LUT1 		debounce_unit/Madd_cnt[11][19]_GND_14_o_add_195_OUT_cy<16>_rt
LUT1 		debounce_unit/Madd_cnt[11][19]_GND_14_o_add_195_OUT_cy<15>_rt
LUT1 		debounce_unit/Madd_cnt[11][19]_GND_14_o_add_195_OUT_cy<14>_rt
LUT1 		debounce_unit/Madd_cnt[11][19]_GND_14_o_add_195_OUT_cy<13>_rt
LUT1 		debounce_unit/Madd_cnt[11][19]_GND_14_o_add_195_OUT_cy<12>_rt
LUT1 		debounce_unit/Madd_cnt[11][19]_GND_14_o_add_195_OUT_cy<11>_rt
LUT1 		debounce_unit/Madd_cnt[11][19]_GND_14_o_add_195_OUT_cy<10>_rt
LUT1 		debounce_unit/Madd_cnt[11][19]_GND_14_o_add_195_OUT_cy<9>_rt
LUT1 		debounce_unit/Madd_cnt[11][19]_GND_14_o_add_195_OUT_cy<8>_rt
LUT1 		debounce_unit/Madd_cnt[11][19]_GND_14_o_add_195_OUT_cy<7>_rt
LUT1 		debounce_unit/Madd_cnt[11][19]_GND_14_o_add_195_OUT_cy<6>_rt
LUT1 		debounce_unit/Madd_cnt[11][19]_GND_14_o_add_195_OUT_cy<5>_rt
LUT1 		debounce_unit/Madd_cnt[11][19]_GND_14_o_add_195_OUT_cy<4>_rt
LUT1 		debounce_unit/Madd_cnt[11][19]_GND_14_o_add_195_OUT_cy<3>_rt
LUT1 		debounce_unit/Madd_cnt[11][19]_GND_14_o_add_195_OUT_cy<2>_rt
LUT1 		debounce_unit/Madd_cnt[11][19]_GND_14_o_add_195_OUT_cy<1>_rt
LUT1 		debounce_unit/Madd_cnt[10][19]_GND_14_o_add_178_OUT_cy<18>_rt
LUT1 		debounce_unit/Madd_cnt[10][19]_GND_14_o_add_178_OUT_cy<17>_rt
LUT1 		debounce_unit/Madd_cnt[10][19]_GND_14_o_add_178_OUT_cy<16>_rt
LUT1 		debounce_unit/Madd_cnt[10][19]_GND_14_o_add_178_OUT_cy<15>_rt
LUT1 		debounce_unit/Madd_cnt[10][19]_GND_14_o_add_178_OUT_cy<14>_rt
LUT1 		debounce_unit/Madd_cnt[10][19]_GND_14_o_add_178_OUT_cy<13>_rt
LUT1 		debounce_unit/Madd_cnt[10][19]_GND_14_o_add_178_OUT_cy<12>_rt
LUT1 		debounce_unit/Madd_cnt[10][19]_GND_14_o_add_178_OUT_cy<11>_rt
LUT1 		debounce_unit/Madd_cnt[10][19]_GND_14_o_add_178_OUT_cy<10>_rt
LUT1 		debounce_unit/Madd_cnt[10][19]_GND_14_o_add_178_OUT_cy<9>_rt
LUT1 		debounce_unit/Madd_cnt[10][19]_GND_14_o_add_178_OUT_cy<8>_rt
LUT1 		debounce_unit/Madd_cnt[10][19]_GND_14_o_add_178_OUT_cy<7>_rt
LUT1 		debounce_unit/Madd_cnt[10][19]_GND_14_o_add_178_OUT_cy<6>_rt
LUT1 		debounce_unit/Madd_cnt[10][19]_GND_14_o_add_178_OUT_cy<5>_rt
LUT1 		debounce_unit/Madd_cnt[10][19]_GND_14_o_add_178_OUT_cy<4>_rt
LUT1 		debounce_unit/Madd_cnt[10][19]_GND_14_o_add_178_OUT_cy<3>_rt
LUT1 		debounce_unit/Madd_cnt[10][19]_GND_14_o_add_178_OUT_cy<2>_rt
LUT1 		debounce_unit/Madd_cnt[10][19]_GND_14_o_add_178_OUT_cy<1>_rt
LUT1 		debounce_unit/Madd_cnt[9][19]_GND_14_o_add_161_OUT_cy<18>_rt
LUT1 		debounce_unit/Madd_cnt[9][19]_GND_14_o_add_161_OUT_cy<17>_rt
LUT1 		debounce_unit/Madd_cnt[9][19]_GND_14_o_add_161_OUT_cy<16>_rt
LUT1 		debounce_unit/Madd_cnt[9][19]_GND_14_o_add_161_OUT_cy<15>_rt
LUT1 		debounce_unit/Madd_cnt[9][19]_GND_14_o_add_161_OUT_cy<14>_rt
LUT1 		debounce_unit/Madd_cnt[9][19]_GND_14_o_add_161_OUT_cy<13>_rt
LUT1 		debounce_unit/Madd_cnt[9][19]_GND_14_o_add_161_OUT_cy<12>_rt
LUT1 		debounce_unit/Madd_cnt[9][19]_GND_14_o_add_161_OUT_cy<11>_rt
LUT1 		debounce_unit/Madd_cnt[9][19]_GND_14_o_add_161_OUT_cy<10>_rt
LUT1 		debounce_unit/Madd_cnt[9][19]_GND_14_o_add_161_OUT_cy<9>_rt
LUT1 		debounce_unit/Madd_cnt[9][19]_GND_14_o_add_161_OUT_cy<8>_rt
LUT1 		debounce_unit/Madd_cnt[9][19]_GND_14_o_add_161_OUT_cy<7>_rt
LUT1 		debounce_unit/Madd_cnt[9][19]_GND_14_o_add_161_OUT_cy<6>_rt
LUT1 		debounce_unit/Madd_cnt[9][19]_GND_14_o_add_161_OUT_cy<5>_rt
LUT1 		debounce_unit/Madd_cnt[9][19]_GND_14_o_add_161_OUT_cy<4>_rt
LUT1 		debounce_unit/Madd_cnt[9][19]_GND_14_o_add_161_OUT_cy<3>_rt
LUT1 		debounce_unit/Madd_cnt[9][19]_GND_14_o_add_161_OUT_cy<2>_rt
LUT1 		debounce_unit/Madd_cnt[9][19]_GND_14_o_add_161_OUT_cy<1>_rt
LUT1 		debounce_unit/Madd_cnt[8][19]_GND_14_o_add_144_OUT_cy<18>_rt
LUT1 		debounce_unit/Madd_cnt[8][19]_GND_14_o_add_144_OUT_cy<17>_rt
LUT1 		debounce_unit/Madd_cnt[8][19]_GND_14_o_add_144_OUT_cy<16>_rt
LUT1 		debounce_unit/Madd_cnt[8][19]_GND_14_o_add_144_OUT_cy<15>_rt
LUT1 		debounce_unit/Madd_cnt[8][19]_GND_14_o_add_144_OUT_cy<14>_rt
LUT1 		debounce_unit/Madd_cnt[8][19]_GND_14_o_add_144_OUT_cy<13>_rt
LUT1 		debounce_unit/Madd_cnt[8][19]_GND_14_o_add_144_OUT_cy<12>_rt
LUT1 		debounce_unit/Madd_cnt[8][19]_GND_14_o_add_144_OUT_cy<11>_rt
LUT1 		debounce_unit/Madd_cnt[8][19]_GND_14_o_add_144_OUT_cy<10>_rt
LUT1 		debounce_unit/Madd_cnt[8][19]_GND_14_o_add_144_OUT_cy<9>_rt
LUT1 		debounce_unit/Madd_cnt[8][19]_GND_14_o_add_144_OUT_cy<8>_rt
LUT1 		debounce_unit/Madd_cnt[8][19]_GND_14_o_add_144_OUT_cy<7>_rt
LUT1 		debounce_unit/Madd_cnt[8][19]_GND_14_o_add_144_OUT_cy<6>_rt
LUT1 		debounce_unit/Madd_cnt[8][19]_GND_14_o_add_144_OUT_cy<5>_rt
LUT1 		debounce_unit/Madd_cnt[8][19]_GND_14_o_add_144_OUT_cy<4>_rt
LUT1 		debounce_unit/Madd_cnt[8][19]_GND_14_o_add_144_OUT_cy<3>_rt
LUT1 		debounce_unit/Madd_cnt[8][19]_GND_14_o_add_144_OUT_cy<2>_rt
LUT1 		debounce_unit/Madd_cnt[8][19]_GND_14_o_add_144_OUT_cy<1>_rt
LUT1 		debounce_unit/Madd_cnt[7][19]_GND_14_o_add_127_OUT_cy<18>_rt
LUT1 		debounce_unit/Madd_cnt[7][19]_GND_14_o_add_127_OUT_cy<17>_rt
LUT1 		debounce_unit/Madd_cnt[7][19]_GND_14_o_add_127_OUT_cy<16>_rt
LUT1 		debounce_unit/Madd_cnt[7][19]_GND_14_o_add_127_OUT_cy<15>_rt
LUT1 		debounce_unit/Madd_cnt[7][19]_GND_14_o_add_127_OUT_cy<14>_rt
LUT1 		debounce_unit/Madd_cnt[7][19]_GND_14_o_add_127_OUT_cy<13>_rt
LUT1 		debounce_unit/Madd_cnt[7][19]_GND_14_o_add_127_OUT_cy<12>_rt
LUT1 		debounce_unit/Madd_cnt[7][19]_GND_14_o_add_127_OUT_cy<11>_rt
LUT1 		debounce_unit/Madd_cnt[7][19]_GND_14_o_add_127_OUT_cy<10>_rt
LUT1 		debounce_unit/Madd_cnt[7][19]_GND_14_o_add_127_OUT_cy<9>_rt
LUT1 		debounce_unit/Madd_cnt[7][19]_GND_14_o_add_127_OUT_cy<8>_rt
LUT1 		debounce_unit/Madd_cnt[7][19]_GND_14_o_add_127_OUT_cy<7>_rt
LUT1 		debounce_unit/Madd_cnt[7][19]_GND_14_o_add_127_OUT_cy<6>_rt
LUT1 		debounce_unit/Madd_cnt[7][19]_GND_14_o_add_127_OUT_cy<5>_rt
LUT1 		debounce_unit/Madd_cnt[7][19]_GND_14_o_add_127_OUT_cy<4>_rt
LUT1 		debounce_unit/Madd_cnt[7][19]_GND_14_o_add_127_OUT_cy<3>_rt
LUT1 		debounce_unit/Madd_cnt[7][19]_GND_14_o_add_127_OUT_cy<2>_rt
LUT1 		debounce_unit/Madd_cnt[7][19]_GND_14_o_add_127_OUT_cy<1>_rt
LUT1 		debounce_unit/Madd_cnt[6][19]_GND_14_o_add_110_OUT_cy<18>_rt
LUT1 		debounce_unit/Madd_cnt[6][19]_GND_14_o_add_110_OUT_cy<17>_rt
LUT1 		debounce_unit/Madd_cnt[6][19]_GND_14_o_add_110_OUT_cy<16>_rt
LUT1 		debounce_unit/Madd_cnt[6][19]_GND_14_o_add_110_OUT_cy<15>_rt
LUT1 		debounce_unit/Madd_cnt[6][19]_GND_14_o_add_110_OUT_cy<14>_rt
LUT1 		debounce_unit/Madd_cnt[6][19]_GND_14_o_add_110_OUT_cy<13>_rt
LUT1 		debounce_unit/Madd_cnt[6][19]_GND_14_o_add_110_OUT_cy<12>_rt
LUT1 		debounce_unit/Madd_cnt[6][19]_GND_14_o_add_110_OUT_cy<11>_rt
LUT1 		debounce_unit/Madd_cnt[6][19]_GND_14_o_add_110_OUT_cy<10>_rt
LUT1 		debounce_unit/Madd_cnt[6][19]_GND_14_o_add_110_OUT_cy<9>_rt
LUT1 		debounce_unit/Madd_cnt[6][19]_GND_14_o_add_110_OUT_cy<8>_rt
LUT1 		debounce_unit/Madd_cnt[6][19]_GND_14_o_add_110_OUT_cy<7>_rt
LUT1 		debounce_unit/Madd_cnt[6][19]_GND_14_o_add_110_OUT_cy<6>_rt
LUT1 		debounce_unit/Madd_cnt[6][19]_GND_14_o_add_110_OUT_cy<5>_rt
LUT1 		debounce_unit/Madd_cnt[6][19]_GND_14_o_add_110_OUT_cy<4>_rt
LUT1 		debounce_unit/Madd_cnt[6][19]_GND_14_o_add_110_OUT_cy<3>_rt
LUT1 		debounce_unit/Madd_cnt[6][19]_GND_14_o_add_110_OUT_cy<2>_rt
LUT1 		debounce_unit/Madd_cnt[6][19]_GND_14_o_add_110_OUT_cy<1>_rt
LUT1 		debounce_unit/Madd_cnt[5][19]_GND_14_o_add_93_OUT_cy<18>_rt
LUT1 		debounce_unit/Madd_cnt[5][19]_GND_14_o_add_93_OUT_cy<17>_rt
LUT1 		debounce_unit/Madd_cnt[5][19]_GND_14_o_add_93_OUT_cy<16>_rt
LUT1 		debounce_unit/Madd_cnt[5][19]_GND_14_o_add_93_OUT_cy<15>_rt
LUT1 		debounce_unit/Madd_cnt[5][19]_GND_14_o_add_93_OUT_cy<14>_rt
LUT1 		debounce_unit/Madd_cnt[5][19]_GND_14_o_add_93_OUT_cy<13>_rt
LUT1 		debounce_unit/Madd_cnt[5][19]_GND_14_o_add_93_OUT_cy<12>_rt
LUT1 		debounce_unit/Madd_cnt[5][19]_GND_14_o_add_93_OUT_cy<11>_rt
LUT1 		debounce_unit/Madd_cnt[5][19]_GND_14_o_add_93_OUT_cy<10>_rt
LUT1 		debounce_unit/Madd_cnt[5][19]_GND_14_o_add_93_OUT_cy<9>_rt
LUT1 		debounce_unit/Madd_cnt[5][19]_GND_14_o_add_93_OUT_cy<8>_rt
LUT1 		debounce_unit/Madd_cnt[5][19]_GND_14_o_add_93_OUT_cy<7>_rt
LUT1 		debounce_unit/Madd_cnt[5][19]_GND_14_o_add_93_OUT_cy<6>_rt
LUT1 		debounce_unit/Madd_cnt[5][19]_GND_14_o_add_93_OUT_cy<5>_rt
LUT1 		debounce_unit/Madd_cnt[5][19]_GND_14_o_add_93_OUT_cy<4>_rt
LUT1 		debounce_unit/Madd_cnt[5][19]_GND_14_o_add_93_OUT_cy<3>_rt
LUT1 		debounce_unit/Madd_cnt[5][19]_GND_14_o_add_93_OUT_cy<2>_rt
LUT1 		debounce_unit/Madd_cnt[5][19]_GND_14_o_add_93_OUT_cy<1>_rt
LUT1 		debounce_unit/Madd_cnt[4][19]_GND_14_o_add_76_OUT_cy<18>_rt
LUT1 		debounce_unit/Madd_cnt[4][19]_GND_14_o_add_76_OUT_cy<17>_rt
LUT1 		debounce_unit/Madd_cnt[4][19]_GND_14_o_add_76_OUT_cy<16>_rt
LUT1 		debounce_unit/Madd_cnt[4][19]_GND_14_o_add_76_OUT_cy<15>_rt
LUT1 		debounce_unit/Madd_cnt[4][19]_GND_14_o_add_76_OUT_cy<14>_rt
LUT1 		debounce_unit/Madd_cnt[4][19]_GND_14_o_add_76_OUT_cy<13>_rt
LUT1 		debounce_unit/Madd_cnt[4][19]_GND_14_o_add_76_OUT_cy<12>_rt
LUT1 		debounce_unit/Madd_cnt[4][19]_GND_14_o_add_76_OUT_cy<11>_rt
LUT1 		debounce_unit/Madd_cnt[4][19]_GND_14_o_add_76_OUT_cy<10>_rt
LUT1 		debounce_unit/Madd_cnt[4][19]_GND_14_o_add_76_OUT_cy<9>_rt
LUT1 		debounce_unit/Madd_cnt[4][19]_GND_14_o_add_76_OUT_cy<8>_rt
LUT1 		debounce_unit/Madd_cnt[4][19]_GND_14_o_add_76_OUT_cy<7>_rt
LUT1 		debounce_unit/Madd_cnt[4][19]_GND_14_o_add_76_OUT_cy<6>_rt
LUT1 		debounce_unit/Madd_cnt[4][19]_GND_14_o_add_76_OUT_cy<5>_rt
LUT1 		debounce_unit/Madd_cnt[4][19]_GND_14_o_add_76_OUT_cy<4>_rt
LUT1 		debounce_unit/Madd_cnt[4][19]_GND_14_o_add_76_OUT_cy<3>_rt
LUT1 		debounce_unit/Madd_cnt[4][19]_GND_14_o_add_76_OUT_cy<2>_rt
LUT1 		debounce_unit/Madd_cnt[4][19]_GND_14_o_add_76_OUT_cy<1>_rt
LUT1 		debounce_unit/Madd_cnt[3][19]_GND_14_o_add_59_OUT_cy<18>_rt
LUT1 		debounce_unit/Madd_cnt[3][19]_GND_14_o_add_59_OUT_cy<17>_rt
LUT1 		debounce_unit/Madd_cnt[3][19]_GND_14_o_add_59_OUT_cy<16>_rt
LUT1 		debounce_unit/Madd_cnt[3][19]_GND_14_o_add_59_OUT_cy<15>_rt
LUT1 		debounce_unit/Madd_cnt[3][19]_GND_14_o_add_59_OUT_cy<14>_rt
LUT1 		debounce_unit/Madd_cnt[3][19]_GND_14_o_add_59_OUT_cy<13>_rt
LUT1 		debounce_unit/Madd_cnt[3][19]_GND_14_o_add_59_OUT_cy<12>_rt
LUT1 		debounce_unit/Madd_cnt[3][19]_GND_14_o_add_59_OUT_cy<11>_rt
LUT1 		debounce_unit/Madd_cnt[3][19]_GND_14_o_add_59_OUT_cy<10>_rt
LUT1 		debounce_unit/Madd_cnt[3][19]_GND_14_o_add_59_OUT_cy<9>_rt
LUT1 		debounce_unit/Madd_cnt[3][19]_GND_14_o_add_59_OUT_cy<8>_rt
LUT1 		debounce_unit/Madd_cnt[3][19]_GND_14_o_add_59_OUT_cy<7>_rt
LUT1 		debounce_unit/Madd_cnt[3][19]_GND_14_o_add_59_OUT_cy<6>_rt
LUT1 		debounce_unit/Madd_cnt[3][19]_GND_14_o_add_59_OUT_cy<5>_rt
LUT1 		debounce_unit/Madd_cnt[3][19]_GND_14_o_add_59_OUT_cy<4>_rt
LUT1 		debounce_unit/Madd_cnt[3][19]_GND_14_o_add_59_OUT_cy<3>_rt
LUT1 		debounce_unit/Madd_cnt[3][19]_GND_14_o_add_59_OUT_cy<2>_rt
LUT1 		debounce_unit/Madd_cnt[3][19]_GND_14_o_add_59_OUT_cy<1>_rt
LUT1 		debounce_unit/Madd_cnt[2][19]_GND_14_o_add_42_OUT_cy<18>_rt
LUT1 		debounce_unit/Madd_cnt[2][19]_GND_14_o_add_42_OUT_cy<17>_rt
LUT1 		debounce_unit/Madd_cnt[2][19]_GND_14_o_add_42_OUT_cy<16>_rt
LUT1 		debounce_unit/Madd_cnt[2][19]_GND_14_o_add_42_OUT_cy<15>_rt
LUT1 		debounce_unit/Madd_cnt[2][19]_GND_14_o_add_42_OUT_cy<14>_rt
LUT1 		debounce_unit/Madd_cnt[2][19]_GND_14_o_add_42_OUT_cy<13>_rt
LUT1 		debounce_unit/Madd_cnt[2][19]_GND_14_o_add_42_OUT_cy<12>_rt
LUT1 		debounce_unit/Madd_cnt[2][19]_GND_14_o_add_42_OUT_cy<11>_rt
LUT1 		debounce_unit/Madd_cnt[2][19]_GND_14_o_add_42_OUT_cy<10>_rt
LUT1 		debounce_unit/Madd_cnt[2][19]_GND_14_o_add_42_OUT_cy<9>_rt
LUT1 		debounce_unit/Madd_cnt[2][19]_GND_14_o_add_42_OUT_cy<8>_rt
LUT1 		debounce_unit/Madd_cnt[2][19]_GND_14_o_add_42_OUT_cy<7>_rt
LUT1 		debounce_unit/Madd_cnt[2][19]_GND_14_o_add_42_OUT_cy<6>_rt
LUT1 		debounce_unit/Madd_cnt[2][19]_GND_14_o_add_42_OUT_cy<5>_rt
LUT1 		debounce_unit/Madd_cnt[2][19]_GND_14_o_add_42_OUT_cy<4>_rt
LUT1 		debounce_unit/Madd_cnt[2][19]_GND_14_o_add_42_OUT_cy<3>_rt
LUT1 		debounce_unit/Madd_cnt[2][19]_GND_14_o_add_42_OUT_cy<2>_rt
LUT1 		debounce_unit/Madd_cnt[2][19]_GND_14_o_add_42_OUT_cy<1>_rt
LUT1 		debounce_unit/Madd_cnt[1][19]_GND_14_o_add_25_OUT_cy<18>_rt
LUT1 		debounce_unit/Madd_cnt[1][19]_GND_14_o_add_25_OUT_cy<17>_rt
LUT1 		debounce_unit/Madd_cnt[1][19]_GND_14_o_add_25_OUT_cy<16>_rt
LUT1 		debounce_unit/Madd_cnt[1][19]_GND_14_o_add_25_OUT_cy<15>_rt
LUT1 		debounce_unit/Madd_cnt[1][19]_GND_14_o_add_25_OUT_cy<14>_rt
LUT1 		debounce_unit/Madd_cnt[1][19]_GND_14_o_add_25_OUT_cy<13>_rt
LUT1 		debounce_unit/Madd_cnt[1][19]_GND_14_o_add_25_OUT_cy<12>_rt
LUT1 		debounce_unit/Madd_cnt[1][19]_GND_14_o_add_25_OUT_cy<11>_rt
LUT1 		debounce_unit/Madd_cnt[1][19]_GND_14_o_add_25_OUT_cy<10>_rt
LUT1 		debounce_unit/Madd_cnt[1][19]_GND_14_o_add_25_OUT_cy<9>_rt
LUT1 		debounce_unit/Madd_cnt[1][19]_GND_14_o_add_25_OUT_cy<8>_rt
LUT1 		debounce_unit/Madd_cnt[1][19]_GND_14_o_add_25_OUT_cy<7>_rt
LUT1 		debounce_unit/Madd_cnt[1][19]_GND_14_o_add_25_OUT_cy<6>_rt
LUT1 		debounce_unit/Madd_cnt[1][19]_GND_14_o_add_25_OUT_cy<5>_rt
LUT1 		debounce_unit/Madd_cnt[1][19]_GND_14_o_add_25_OUT_cy<4>_rt
LUT1 		debounce_unit/Madd_cnt[1][19]_GND_14_o_add_25_OUT_cy<3>_rt
LUT1 		debounce_unit/Madd_cnt[1][19]_GND_14_o_add_25_OUT_cy<2>_rt
LUT1 		debounce_unit/Madd_cnt[1][19]_GND_14_o_add_25_OUT_cy<1>_rt
LUT1 		execution_unit/Madd_curr_sp[11]_GND_18_o_add_130_OUT_cy<10>_rt
LUT1 		execution_unit/Madd_curr_sp[11]_GND_18_o_add_130_OUT_cy<9>_rt
LUT1 		execution_unit/Madd_curr_sp[11]_GND_18_o_add_130_OUT_cy<8>_rt
LUT1 		execution_unit/Madd_curr_sp[11]_GND_18_o_add_130_OUT_cy<7>_rt
LUT1 		execution_unit/Madd_curr_sp[11]_GND_18_o_add_130_OUT_cy<6>_rt
LUT1 		execution_unit/Madd_curr_sp[11]_GND_18_o_add_130_OUT_cy<5>_rt
LUT1 		execution_unit/Madd_curr_sp[11]_GND_18_o_add_130_OUT_cy<4>_rt
LUT1 		execution_unit/Madd_curr_sp[11]_GND_18_o_add_130_OUT_cy<3>_rt
LUT1 		execution_unit/Madd_curr_sp[11]_GND_18_o_add_130_OUT_cy<2>_rt
LUT1 		execution_unit/Madd_curr_sp[11]_GND_18_o_add_130_OUT_cy<1>_rt
LUT1 		execution_unit/Msub_GND_18_o_GND_18_o_sub_127_OUT<11:0>_cy<0>_rt
LUT1 		execution_unit/Madd_curr_pc[11]_GND_18_o_add_113_OUT_cy<10>_rt
LUT1 		execution_unit/Madd_curr_pc[11]_GND_18_o_add_113_OUT_cy<9>_rt
LUT1 		execution_unit/Madd_curr_pc[11]_GND_18_o_add_113_OUT_cy<8>_rt
LUT1 		execution_unit/Madd_curr_pc[11]_GND_18_o_add_113_OUT_cy<7>_rt
LUT1 		execution_unit/Madd_curr_pc[11]_GND_18_o_add_113_OUT_cy<6>_rt
LUT1 		execution_unit/Madd_curr_pc[11]_GND_18_o_add_113_OUT_cy<5>_rt
LUT1 		execution_unit/Madd_curr_pc[11]_GND_18_o_add_113_OUT_cy<4>_rt
LUT1 		execution_unit/Madd_curr_pc[11]_GND_18_o_add_113_OUT_cy<3>_rt
LUT1 		execution_unit/Madd_curr_pc[11]_GND_18_o_add_113_OUT_cy<2>_rt
LUT1 		execution_unit/Madd_curr_pc[11]_GND_18_o_add_113_OUT_cy<1>_rt
LUT1 		sseg_unit/Mcount_cnt_xor<17>_rt
LUT1 		reset_unit/Mcount_cnt_xor<9>_rt
LUT1 		timer_unit/Mcount_cnt_xor<25>_rt
LUT1 		reset_debounce_unit/Madd_cnt[0][19]_GND_9_o_add_8_OUT_xor<19>_rt
LUT1 		debounce_unit/Madd_cnt[0][19]_GND_14_o_add_8_OUT_xor<19>_rt
LUT1 		debounce_unit/Madd_cnt[15][19]_GND_14_o_add_263_OUT_xor<19>_rt
LUT1 		debounce_unit/Madd_cnt[14][19]_GND_14_o_add_246_OUT_xor<19>_rt
LUT1 		debounce_unit/Madd_cnt[13][19]_GND_14_o_add_229_OUT_xor<19>_rt
LUT1 		debounce_unit/Madd_cnt[12][19]_GND_14_o_add_212_OUT_xor<19>_rt
LUT1 		debounce_unit/Madd_cnt[11][19]_GND_14_o_add_195_OUT_xor<19>_rt
LUT1 		debounce_unit/Madd_cnt[10][19]_GND_14_o_add_178_OUT_xor<19>_rt
LUT1 		debounce_unit/Madd_cnt[9][19]_GND_14_o_add_161_OUT_xor<19>_rt
LUT1 		debounce_unit/Madd_cnt[8][19]_GND_14_o_add_144_OUT_xor<19>_rt
LUT1 		debounce_unit/Madd_cnt[7][19]_GND_14_o_add_127_OUT_xor<19>_rt
LUT1 		debounce_unit/Madd_cnt[6][19]_GND_14_o_add_110_OUT_xor<19>_rt
LUT1 		debounce_unit/Madd_cnt[5][19]_GND_14_o_add_93_OUT_xor<19>_rt
LUT1 		debounce_unit/Madd_cnt[4][19]_GND_14_o_add_76_OUT_xor<19>_rt
LUT1 		debounce_unit/Madd_cnt[3][19]_GND_14_o_add_59_OUT_xor<19>_rt
LUT1 		debounce_unit/Madd_cnt[2][19]_GND_14_o_add_42_OUT_xor<19>_rt
LUT1 		debounce_unit/Madd_cnt[1][19]_GND_14_o_add_25_OUT_xor<19>_rt
LUT1 		execution_unit/Madd_curr_sp[11]_GND_18_o_add_130_OUT_xor<11>_rt
LUT1 		execution_unit/Madd_curr_pc[11]_GND_18_o_add_113_OUT_xor<11>_rt

Section 6 - IOB Properties
--------------------------

+---------------------------------------------------------------------------------------------------------------------------------------------------------+
| IOB Name                           | Type             | Direction | IO Standard          | Diff  | Drive    | Slew | Reg (s)      | Resistor | IOB      |
|                                    |                  |           |                      | Term  | Strength | Rate |              |          | Delay    |
+---------------------------------------------------------------------------------------------------------------------------------------------------------+
| an<0>                              | IOB              | OUTPUT    | LVCMOS33             |       | 12       | FAST |              |          |          |
| an<1>                              | IOB              | OUTPUT    | LVCMOS33             |       | 12       | FAST |              |          |          |
| an<2>                              | IOB              | OUTPUT    | LVCMOS33             |       | 12       | FAST |              |          |          |
| an<3>                              | IOB              | OUTPUT    | LVCMOS33             |       | 12       | FAST |              |          |          |
| btnc                               | IOB              | INPUT     | LVCMOS33             |       |          |      | IFF          |          |          |
| btnd                               | IOB              | INPUT     | LVCMOS33             |       |          |      | IFF          |          |          |
| btnl                               | IOB              | INPUT     | LVCMOS33             |       |          |      | IFF          |          |          |
| btnr                               | IOB              | INPUT     | LVCMOS33             |       |          |      | IFF          |          |          |
| btnu                               | IOB              | INPUT     | LVCMOS33             |       |          |      | IFF          |          |          |
| clk                                | IOB              | INPUT     | LVCMOS33             |       |          |      |              |          |          |
| dcf                                | IOB              | INPUT     | LVCMOS33             |       |          |      |              |          |          |
| ka<0>                              | IOB              | OUTPUT    | LVCMOS33             |       | 12       | FAST |              |          |          |
| ka<1>                              | IOB              | OUTPUT    | LVCMOS33             |       | 12       | FAST |              |          |          |
| ka<2>                              | IOB              | OUTPUT    | LVCMOS33             |       | 12       | FAST |              |          |          |
| ka<3>                              | IOB              | OUTPUT    | LVCMOS33             |       | 12       | FAST |              |          |          |
| ka<4>                              | IOB              | OUTPUT    | LVCMOS33             |       | 12       | FAST |              |          |          |
| ka<5>                              | IOB              | OUTPUT    | LVCMOS33             |       | 12       | FAST |              |          |          |
| ka<6>                              | IOB              | OUTPUT    | LVCMOS33             |       | 12       | FAST |              |          |          |
| ka<7>                              | IOB              | OUTPUT    | LVCMOS33             |       | 12       | FAST |              |          |          |
| ld<0>                              | IOB              | OUTPUT    | LVCMOS33             |       | 12       | FAST |              |          |          |
| ld<1>                              | IOB              | OUTPUT    | LVCMOS33             |       | 12       | FAST |              |          |          |
| ld<2>                              | IOB              | OUTPUT    | LVCMOS33             |       | 12       | FAST |              |          |          |
| ld<3>                              | IOB              | OUTPUT    | LVCMOS33             |       | 12       | FAST |              |          |          |
| ld<4>                              | IOB              | OUTPUT    | LVCMOS33             |       | 12       | FAST |              |          |          |
| ld<5>                              | IOB              | OUTPUT    | LVCMOS33             |       | 12       | FAST |              |          |          |
| ld<6>                              | IOB              | OUTPUT    | LVCMOS33             |       | 12       | FAST |              |          |          |
| ld<7>                              | IOB              | OUTPUT    | LVCMOS33             |       | 12       | FAST |              |          |          |
| msf                                | IOB              | INPUT     | LVCMOS33             |       |          |      |              |          |          |
| rx                                 | IOB              | INPUT     | LVCMOS33             |       |          |      | IFF          |          |          |
| sw<0>                              | IOB              | INPUT     | LVCMOS33             |       |          |      | IFF          |          |          |
| sw<1>                              | IOB              | INPUT     | LVCMOS33             |       |          |      | IFF          |          |          |
| sw<2>                              | IOB              | INPUT     | LVCMOS33             |       |          |      | IFF          |          |          |
| sw<3>                              | IOB              | INPUT     | LVCMOS33             |       |          |      | IFF          |          |          |
| sw<4>                              | IOB              | INPUT     | LVCMOS33             |       |          |      | IFF          |          |          |
| sw<5>                              | IOB              | INPUT     | LVCMOS33             |       |          |      | IFF          |          |          |
| sw<6>                              | IOB              | INPUT     | LVCMOS33             |       |          |      | IFF          |          |          |
| sw<7>                              | IOB              | INPUT     | LVCMOS33             |       |          |      | IFF          |          |          |
| tx                                 | IOB              | OUTPUT    | LVCMOS33             |       | 12       | FAST |              |          |          |
+---------------------------------------------------------------------------------------------------------------------------------------------------------+

Section 7 - RPMs
----------------

Section 8 - Guide Report
------------------------
Guide not run on this design.

Section 9 - Area Group and Partition Summary
--------------------------------------------

Partition Implementation Status
-------------------------------

  No Partitions were found in this design.

-------------------------------

Area Group Information
----------------------

  No area groups were found in this design.

----------------------

Section 10 - Timing Report
--------------------------
A logic-level (pre-route) timing report can be generated by using Xilinx static
timing analysis tools, Timing Analyzer (GUI) or TRCE (command line), with the
mapped NCD and PCF files. Please note that this timing report will be generated
using estimated delay information. For accurate numbers, please generate a
timing report with the post Place and Route NCD file.

For more information about the Timing Analyzer, consult the Xilinx Timing
Analyzer Reference Manual; for more information about TRCE, consult the Xilinx
Command Line Tools User Guide "TRACE" chapter.

Section 11 - Configuration String Details
-----------------------------------------

Section 12 - Control Set Information
------------------------------------
+------------------------------------------------------------------------------------------------------------------------+
| Clock Signal | Reset Signal | Set Signal | Enable Signal                           | Slice Load Count | Bel Load Count |
+------------------------------------------------------------------------------------------------------------------------+
| clk_BUFGP    |              |            |                                         | 11               | 35             |
| clk_BUFGP    |              |            | reset_unit/cnt[9]_PWR_8_o_equal_2_o_inv | 3                | 10             |
| clk_BUFGP    | rst          |            |                                         | 135              | 472            |
| clk_BUFGP    | rst          |            | execution_unit/_n4480_inv               | 1                | 3              |
| clk_BUFGP    | rst          |            | execution_unit/_n4493_inv               | 25               | 40             |
| clk_BUFGP    | rst          |            | execution_unit/_n4647_inv               | 20               | 32             |
| clk_BUFGP    | rst          |            | execution_unit/_n4657_inv               | 3                | 9              |
| clk_BUFGP    | rst          |            | execution_unit/_n4734_inv               | 6                | 12             |
+------------------------------------------------------------------------------------------------------------------------+

Section 13 - Utilization by Hierarchy
-------------------------------------
+-----------------------------------------------------------------------------------------------------------------------------------------------------------------------------------------------------+
| Module               | Partition | Slices*       | Slice Reg     | LUTs          | LUTRAM        | BRAM/FIFO | DSP48A1 | BUFG  | BUFIO | BUFR  | DCM   | PLL_ADV   | Full Hierarchical Name         |
+-----------------------------------------------------------------------------------------------------------------------------------------------------------------------------------------------------+
| top_level/           |           | 8/788         | 0/613         | 10/2498       | 0/0           | 0/10      | 0/0     | 1/1   | 0/0   | 0/0   | 0/0   | 0/0       | top_level                      |
| +alu_unit            |           | 43/43         | 0/0           | 86/86         | 0/0           | 0/0       | 0/0     | 0/0   | 0/0   | 0/0   | 0/0   | 0/0       | top_level/alu_unit             |
| +debounce_unit       |           | 191/191       | 355/355       | 704/704       | 0/0           | 0/0       | 0/0     | 0/0   | 0/0   | 0/0   | 0/0   | 0/0       | top_level/debounce_unit        |
| +execution_unit      |           | 506/506       | 185/185       | 1569/1569     | 0/0           | 0/0       | 0/0     | 0/0   | 0/0   | 0/0   | 0/0   | 0/0       | top_level/execution_unit       |
| +ram_unit            |           | 0/0           | 0/0           | 0/0           | 0/0           | 8/8       | 0/0     | 0/0   | 0/0   | 0/0   | 0/0   | 0/0       | top_level/ram_unit             |
| +register_unit       |           | 0/0           | 0/0           | 0/0           | 0/0           | 2/2       | 0/0     | 0/0   | 0/0   | 0/0   | 0/0   | 0/0       | top_level/register_unit        |
| +reset_debounce_unit |           | 13/13         | 23/23         | 45/45         | 0/0           | 0/0       | 0/0     | 0/0   | 0/0   | 0/0   | 0/0   | 0/0       | top_level/reset_debounce_unit  |
| +reset_unit          |           | 4/4           | 10/10         | 12/12         | 0/0           | 0/0       | 0/0     | 0/0   | 0/0   | 0/0   | 0/0   | 0/0       | top_level/reset_unit           |
| +sseg_unit           |           | 9/9           | 14/14         | 28/28         | 0/0           | 0/0       | 0/0     | 0/0   | 0/0   | 0/0   | 0/0   | 0/0       | top_level/sseg_unit            |
| +timer_unit          |           | 14/14         | 26/26         | 44/44         | 0/0           | 0/0       | 0/0     | 0/0   | 0/0   | 0/0   | 0/0   | 0/0       | top_level/timer_unit           |
+-----------------------------------------------------------------------------------------------------------------------------------------------------------------------------------------------------+

* Slices can be packed with basic elements from multiple hierarchies.
  Therefore, a slice will be counted in every hierarchical module
  that each of its packed basic elements belong to.
** For each column, there are two numbers reported <A>/<B>.
   <A> is the number of elements that belong to that specific hierarchical module.
   <B> is the total number of elements from that hierarchical module and any lower level
   hierarchical modules below.
*** The LUTRAM column counts all LUTs used as memory including RAM, ROM, and shift registers.
